DEBUG:urllib3.connectionpool:Starting new HTTPS connection (1): datos.cultura.gob.ar:443
DEBUG:urllib3.connectionpool:https://datos.cultura.gob.ar:443 "GET /dataset/37305de4-3cce-4d4b-9d9a-fec3ca61d09f/resource/4207def0-2ff7-41d5-9095-d42ae8207a5d/download/museo.csv HTTP/1.1" 200 307629
INFO:root:Descargo el archivo CVS de museos
DEBUG:urllib3.connectionpool:Starting new HTTPS connection (1): datos.cultura.gob.ar:443
DEBUG:urllib3.connectionpool:https://datos.cultura.gob.ar:443 "GET /dataset/37305de4-3cce-4d4b-9d9a-fec3ca61d09f/resource/4207def0-2ff7-41d5-9095-d42ae8207a5d/download/museo.csv HTTP/1.1" 200 307629
INFO:root:Descargo el archivo CVS de museo
DEBUG:urllib3.connectionpool:Starting new HTTPS connection (1): datos.cultura.gob.ar:443
DEBUG:urllib3.connectionpool:https://datos.cultura.gob.ar:443 "GET /dataset/37305de4-3cce-4d4b-9d9a-fec3ca61d09f/resource/392ce1a8-ef11-4776-b280-6f1c7fae16ae/download/cine.csv HTTP/1.1" 200 96427
INFO:root:Descargo el archivo CVS de cine
DEBUG:urllib3.connectionpool:Starting new HTTPS connection (1): datos.cultura.gob.ar:443
DEBUG:urllib3.connectionpool:https://datos.cultura.gob.ar:443 "GET /dataset/37305de4-3cce-4d4b-9d9a-fec3ca61d09f/resource/01c6c048-dbeb-44e0-8efa-6944f73715d7/download/biblioteca_popular.csv HTTP/1.1" 200 511527
INFO:root:Descargo el archivo CVS de biblioteca_popular
DEBUG:urllib3.connectionpool:Starting new HTTPS connection (1): datos.cultura.gob.ar:443
DEBUG:urllib3.connectionpool:https://datos.cultura.gob.ar:443 "GET /dataset/37305de4-3cce-4d4b-9d9a-fec3ca61d09f/resource/4207def0-2ff7-41d5-9095-d42ae8207a5d/download/museo.csv HTTP/1.1" 200 307629
INFO:root:Descargo el archivo CVS de museo
DEBUG:urllib3.connectionpool:Starting new HTTPS connection (1): datos.cultura.gob.ar:443
DEBUG:urllib3.connectionpool:https://datos.cultura.gob.ar:443 "GET /dataset/37305de4-3cce-4d4b-9d9a-fec3ca61d09f/resource/392ce1a8-ef11-4776-b280-6f1c7fae16ae/download/cine.csv HTTP/1.1" 200 96427
INFO:root:Descargo el archivo CVS de cine
DEBUG:urllib3.connectionpool:Starting new HTTPS connection (1): datos.cultura.gob.ar:443
DEBUG:urllib3.connectionpool:https://datos.cultura.gob.ar:443 "GET /dataset/37305de4-3cce-4d4b-9d9a-fec3ca61d09f/resource/01c6c048-dbeb-44e0-8efa-6944f73715d7/download/biblioteca_popular.csv HTTP/1.1" 200 511527
INFO:root:Descargo el archivo CVS de biblioteca_popular
DEBUG:urllib3.connectionpool:Starting new HTTPS connection (1): datos.cultura.gob.ar:443
DEBUG:urllib3.connectionpool:https://datos.cultura.gob.ar:443 "GET /dataset/37305de4-3cce-4d4b-9d9a-fec3ca61d09f/resource/4207def0-2ff7-41d5-9095-d42ae8207a5d/download/museo.csv HTTP/1.1" 200 307629
INFO:root:Descargo el archivo CVS de museos
DEBUG:urllib3.connectionpool:Starting new HTTPS connection (1): datos.cultura.gob.ar:443
DEBUG:urllib3.connectionpool:https://datos.cultura.gob.ar:443 "GET /dataset/37305de4-3cce-4d4b-9d9a-fec3ca61d09f/resource/392ce1a8-ef11-4776-b280-6f1c7fae16ae/download/cine.csv HTTP/1.1" 200 96427
INFO:root:Descargo el archivo CVS de cine
DEBUG:urllib3.connectionpool:Starting new HTTPS connection (1): datos.cultura.gob.ar:443
DEBUG:urllib3.connectionpool:https://datos.cultura.gob.ar:443 "GET /dataset/37305de4-3cce-4d4b-9d9a-fec3ca61d09f/resource/01c6c048-dbeb-44e0-8efa-6944f73715d7/download/biblioteca_popular.csv HTTP/1.1" 200 511527
INFO:root:Descargo el archivo CVS de biblioteca_popular
DEBUG:urllib3.connectionpool:Starting new HTTPS connection (1): datos.cultura.gob.ar:443
DEBUG:urllib3.connectionpool:https://datos.cultura.gob.ar:443 "GET /dataset/37305de4-3cce-4d4b-9d9a-fec3ca61d09f/resource/4207def0-2ff7-41d5-9095-d42ae8207a5d/download/museo.csv HTTP/1.1" 200 307629
INFO:root:Descargo el archivo CVS de museos
DEBUG:urllib3.connectionpool:Starting new HTTPS connection (1): datos.cultura.gob.ar:443
DEBUG:urllib3.connectionpool:https://datos.cultura.gob.ar:443 "GET /dataset/37305de4-3cce-4d4b-9d9a-fec3ca61d09f/resource/392ce1a8-ef11-4776-b280-6f1c7fae16ae/download/cine.csv HTTP/1.1" 200 96427
INFO:root:Descargo el archivo CVS de cine
DEBUG:urllib3.connectionpool:Starting new HTTPS connection (1): datos.cultura.gob.ar:443
DEBUG:urllib3.connectionpool:https://datos.cultura.gob.ar:443 "GET /dataset/37305de4-3cce-4d4b-9d9a-fec3ca61d09f/resource/01c6c048-dbeb-44e0-8efa-6944f73715d7/download/biblioteca_popular.csv HTTP/1.1" 200 511527
INFO:root:Descargo el archivo CVS de biblioteca_popular
DEBUG:urllib3.connectionpool:Starting new HTTPS connection (1): datos.cultura.gob.ar:443
DEBUG:urllib3.connectionpool:https://datos.cultura.gob.ar:443 "GET /dataset/37305de4-3cce-4d4b-9d9a-fec3ca61d09f/resource/4207def0-2ff7-41d5-9095-d42ae8207a5d/download/museo.csv HTTP/1.1" 200 307629
INFO:root:Descargo el archivo CVS de museos
DEBUG:urllib3.connectionpool:Starting new HTTPS connection (1): datos.cultura.gob.ar:443
DEBUG:urllib3.connectionpool:https://datos.cultura.gob.ar:443 "GET /dataset/37305de4-3cce-4d4b-9d9a-fec3ca61d09f/resource/392ce1a8-ef11-4776-b280-6f1c7fae16ae/download/cine.csv HTTP/1.1" 200 96427
INFO:root:Descargo el archivo CVS de cine
DEBUG:urllib3.connectionpool:Starting new HTTPS connection (1): datos.cultura.gob.ar:443
DEBUG:urllib3.connectionpool:https://datos.cultura.gob.ar:443 "GET /dataset/37305de4-3cce-4d4b-9d9a-fec3ca61d09f/resource/01c6c048-dbeb-44e0-8efa-6944f73715d7/download/biblioteca_popular.csv HTTP/1.1" 200 None
INFO:root:Descargo el archivo CVS de biblioteca_popular
DEBUG:urllib3.connectionpool:Starting new HTTPS connection (1): datos.cultura.gob.ar:443
DEBUG:urllib3.connectionpool:https://datos.cultura.gob.ar:443 "GET /dataset/37305de4-3cce-4d4b-9d9a-fec3ca61d09f/resource/4207def0-2ff7-41d5-9095-d42ae8207a5d/download/museo.csv HTTP/1.1" 200 307629
INFO:root:Descargo el archivo CVS de museos
DEBUG:urllib3.connectionpool:Starting new HTTPS connection (1): datos.cultura.gob.ar:443
DEBUG:urllib3.connectionpool:https://datos.cultura.gob.ar:443 "GET /dataset/37305de4-3cce-4d4b-9d9a-fec3ca61d09f/resource/392ce1a8-ef11-4776-b280-6f1c7fae16ae/download/cine.csv HTTP/1.1" 200 96427
INFO:root:Descargo el archivo CVS de cine
DEBUG:urllib3.connectionpool:Starting new HTTPS connection (1): datos.cultura.gob.ar:443
DEBUG:urllib3.connectionpool:https://datos.cultura.gob.ar:443 "GET /dataset/37305de4-3cce-4d4b-9d9a-fec3ca61d09f/resource/01c6c048-dbeb-44e0-8efa-6944f73715d7/download/biblioteca_popular.csv HTTP/1.1" 200 511527
INFO:root:Descargo el archivo CVS de biblioteca_popular
DEBUG:urllib3.connectionpool:Starting new HTTPS connection (1): datos.cultura.gob.ar:443
DEBUG:urllib3.connectionpool:https://datos.cultura.gob.ar:443 "GET /dataset/37305de4-3cce-4d4b-9d9a-fec3ca61d09f/resource/4207def0-2ff7-41d5-9095-d42ae8207a5d/download/museo.csv HTTP/1.1" 200 307629
INFO:root:Descargo el archivo CVS de museos
DEBUG:urllib3.connectionpool:Starting new HTTPS connection (1): datos.cultura.gob.ar:443
DEBUG:urllib3.connectionpool:https://datos.cultura.gob.ar:443 "GET /dataset/37305de4-3cce-4d4b-9d9a-fec3ca61d09f/resource/392ce1a8-ef11-4776-b280-6f1c7fae16ae/download/cine.csv HTTP/1.1" 200 96427
INFO:root:Descargo el archivo CVS de cine
DEBUG:urllib3.connectionpool:Starting new HTTPS connection (1): datos.cultura.gob.ar:443
DEBUG:urllib3.connectionpool:https://datos.cultura.gob.ar:443 "GET /dataset/37305de4-3cce-4d4b-9d9a-fec3ca61d09f/resource/01c6c048-dbeb-44e0-8efa-6944f73715d7/download/biblioteca_popular.csv HTTP/1.1" 200 511527
INFO:root:Descargo el archivo CVS de biblioteca_popular
DEBUG:urllib3.connectionpool:Starting new HTTPS connection (1): datos.cultura.gob.ar:443
DEBUG:urllib3.connectionpool:https://datos.cultura.gob.ar:443 "GET /dataset/37305de4-3cce-4d4b-9d9a-fec3ca61d09f/resource/4207def0-2ff7-41d5-9095-d42ae8207a5d/download/museo.csv HTTP/1.1" 200 None
INFO:root:Descargo el archivo CVS de museos
DEBUG:urllib3.connectionpool:Starting new HTTPS connection (1): datos.cultura.gob.ar:443
DEBUG:urllib3.connectionpool:https://datos.cultura.gob.ar:443 "GET /dataset/37305de4-3cce-4d4b-9d9a-fec3ca61d09f/resource/392ce1a8-ef11-4776-b280-6f1c7fae16ae/download/cine.csv HTTP/1.1" 200 None
INFO:root:Descargo el archivo CVS de cine
DEBUG:urllib3.connectionpool:Starting new HTTPS connection (1): datos.cultura.gob.ar:443
DEBUG:urllib3.connectionpool:https://datos.cultura.gob.ar:443 "GET /dataset/37305de4-3cce-4d4b-9d9a-fec3ca61d09f/resource/01c6c048-dbeb-44e0-8efa-6944f73715d7/download/biblioteca_popular.csv HTTP/1.1" 200 None
INFO:root:Descargo el archivo CVS de biblioteca_popular
DEBUG:urllib3.connectionpool:Starting new HTTPS connection (1): datos.cultura.gob.ar:443
DEBUG:urllib3.connectionpool:https://datos.cultura.gob.ar:443 "GET /dataset/37305de4-3cce-4d4b-9d9a-fec3ca61d09f/resource/4207def0-2ff7-41d5-9095-d42ae8207a5d/download/museo.csv HTTP/1.1" 200 307629
INFO:root:Descargo el archivo CVS de museos
DEBUG:urllib3.connectionpool:Starting new HTTPS connection (1): datos.cultura.gob.ar:443
DEBUG:urllib3.connectionpool:https://datos.cultura.gob.ar:443 "GET /dataset/37305de4-3cce-4d4b-9d9a-fec3ca61d09f/resource/392ce1a8-ef11-4776-b280-6f1c7fae16ae/download/cine.csv HTTP/1.1" 200 96427
INFO:root:Descargo el archivo CVS de cine
DEBUG:urllib3.connectionpool:Starting new HTTPS connection (1): datos.cultura.gob.ar:443
DEBUG:urllib3.connectionpool:https://datos.cultura.gob.ar:443 "GET /dataset/37305de4-3cce-4d4b-9d9a-fec3ca61d09f/resource/01c6c048-dbeb-44e0-8efa-6944f73715d7/download/biblioteca_popular.csv HTTP/1.1" 200 511527
INFO:root:Descargo el archivo CVS de biblioteca_popular
DEBUG:urllib3.connectionpool:Starting new HTTPS connection (1): datos.cultura.gob.ar:443
DEBUG:urllib3.connectionpool:https://datos.cultura.gob.ar:443 "GET /dataset/37305de4-3cce-4d4b-9d9a-fec3ca61d09f/resource/4207def0-2ff7-41d5-9095-d42ae8207a5d/download/museo.csv HTTP/1.1" 200 None
INFO:root:Descargo el archivo CVS de museos
DEBUG:urllib3.connectionpool:Starting new HTTPS connection (1): datos.cultura.gob.ar:443
DEBUG:urllib3.connectionpool:https://datos.cultura.gob.ar:443 "GET /dataset/37305de4-3cce-4d4b-9d9a-fec3ca61d09f/resource/392ce1a8-ef11-4776-b280-6f1c7fae16ae/download/cine.csv HTTP/1.1" 200 96427
INFO:root:Descargo el archivo CVS de cine
DEBUG:urllib3.connectionpool:Starting new HTTPS connection (1): datos.cultura.gob.ar:443
DEBUG:urllib3.connectionpool:https://datos.cultura.gob.ar:443 "GET /dataset/37305de4-3cce-4d4b-9d9a-fec3ca61d09f/resource/4207def0-2ff7-41d5-9095-d42ae8207a5d/download/museo.csv HTTP/1.1" 200 307629
INFO:root:Descargo el archivo CVS de museos
DEBUG:urllib3.connectionpool:Starting new HTTPS connection (1): datos.cultura.gob.ar:443
DEBUG:urllib3.connectionpool:https://datos.cultura.gob.ar:443 "GET /dataset/37305de4-3cce-4d4b-9d9a-fec3ca61d09f/resource/392ce1a8-ef11-4776-b280-6f1c7fae16ae/download/cine.csv HTTP/1.1" 200 96427
INFO:root:Descargo el archivo CVS de cine
DEBUG:urllib3.connectionpool:Starting new HTTPS connection (1): datos.cultura.gob.ar:443
DEBUG:urllib3.connectionpool:https://datos.cultura.gob.ar:443 "GET /dataset/37305de4-3cce-4d4b-9d9a-fec3ca61d09f/resource/01c6c048-dbeb-44e0-8efa-6944f73715d7/download/biblioteca_popular.csv HTTP/1.1" 200 511527
INFO:root:Descargo el archivo CVS de biblioteca_popular
DEBUG:urllib3.connectionpool:Starting new HTTPS connection (1): datos.cultura.gob.ar:443
DEBUG:urllib3.connectionpool:https://datos.cultura.gob.ar:443 "GET /dataset/37305de4-3cce-4d4b-9d9a-fec3ca61d09f/resource/4207def0-2ff7-41d5-9095-d42ae8207a5d/download/museo.csv HTTP/1.1" 200 307629
INFO:root:Descargo el archivo CVS de museos
DEBUG:urllib3.connectionpool:Starting new HTTPS connection (1): datos.cultura.gob.ar:443
DEBUG:urllib3.connectionpool:https://datos.cultura.gob.ar:443 "GET /dataset/37305de4-3cce-4d4b-9d9a-fec3ca61d09f/resource/392ce1a8-ef11-4776-b280-6f1c7fae16ae/download/cine.csv HTTP/1.1" 200 96427
INFO:root:Descargo el archivo CVS de cine
DEBUG:urllib3.connectionpool:Starting new HTTPS connection (1): datos.cultura.gob.ar:443
DEBUG:urllib3.connectionpool:https://datos.cultura.gob.ar:443 "GET /dataset/37305de4-3cce-4d4b-9d9a-fec3ca61d09f/resource/01c6c048-dbeb-44e0-8efa-6944f73715d7/download/biblioteca_popular.csv HTTP/1.1" 200 511527
INFO:root:Descargo el archivo CVS de biblioteca_popular
DEBUG:urllib3.connectionpool:Starting new HTTPS connection (1): datos.cultura.gob.ar:443
DEBUG:urllib3.connectionpool:https://datos.cultura.gob.ar:443 "GET /dataset/37305de4-3cce-4d4b-9d9a-fec3ca61d09f/resource/4207def0-2ff7-41d5-9095-d42ae8207a5d/download/museo.csv HTTP/1.1" 200 307629
DEBUG:urllib3.connectionpool:Starting new HTTPS connection (1): datos.cultura.gob.ar:443
DEBUG:urllib3.connectionpool:https://datos.cultura.gob.ar:443 "GET /dataset/37305de4-3cce-4d4b-9d9a-fec3ca61d09f/resource/4207def0-2ff7-41d5-9095-d42ae8207a5d/download/museo.csv HTTP/1.1" 200 307629
INFO:root:Descargo el archivo CVS de museos
DEBUG:urllib3.connectionpool:Starting new HTTPS connection (1): datos.cultura.gob.ar:443
DEBUG:urllib3.connectionpool:https://datos.cultura.gob.ar:443 "GET /dataset/37305de4-3cce-4d4b-9d9a-fec3ca61d09f/resource/392ce1a8-ef11-4776-b280-6f1c7fae16ae/download/cine.csv HTTP/1.1" 200 96427
INFO:root:Descargo el archivo CVS de cine
DEBUG:urllib3.connectionpool:Starting new HTTPS connection (1): datos.cultura.gob.ar:443
DEBUG:urllib3.connectionpool:https://datos.cultura.gob.ar:443 "GET /dataset/37305de4-3cce-4d4b-9d9a-fec3ca61d09f/resource/01c6c048-dbeb-44e0-8efa-6944f73715d7/download/biblioteca_popular.csv HTTP/1.1" 200 None
INFO:root:Descargo el archivo CVS de biblioteca_popular
DEBUG:urllib3.connectionpool:Starting new HTTPS connection (1): datos.cultura.gob.ar:443
DEBUG:urllib3.connectionpool:https://datos.cultura.gob.ar:443 "GET /dataset/37305de4-3cce-4d4b-9d9a-fec3ca61d09f/resource/4207def0-2ff7-41d5-9095-d42ae8207a5d/download/museo.csv HTTP/1.1" 200 307629
INFO:root:Descargo el archivo CVS de museos
DEBUG:urllib3.connectionpool:Starting new HTTPS connection (1): datos.cultura.gob.ar:443
DEBUG:urllib3.connectionpool:https://datos.cultura.gob.ar:443 "GET /dataset/37305de4-3cce-4d4b-9d9a-fec3ca61d09f/resource/392ce1a8-ef11-4776-b280-6f1c7fae16ae/download/cine.csv HTTP/1.1" 200 96427
INFO:root:Descargo el archivo CVS de cine
DEBUG:urllib3.connectionpool:Starting new HTTPS connection (1): datos.cultura.gob.ar:443
DEBUG:urllib3.connectionpool:https://datos.cultura.gob.ar:443 "GET /dataset/37305de4-3cce-4d4b-9d9a-fec3ca61d09f/resource/01c6c048-dbeb-44e0-8efa-6944f73715d7/download/biblioteca_popular.csv HTTP/1.1" 200 511527
INFO:root:Descargo el archivo CVS de biblioteca_popular
DEBUG:urllib3.connectionpool:Starting new HTTPS connection (1): datos.cultura.gob.ar:443
DEBUG:urllib3.connectionpool:Starting new HTTPS connection (1): datos.cultura.gob.ar:443
DEBUG:urllib3.connectionpool:https://datos.cultura.gob.ar:443 "GET /dataset/37305de4-3cce-4d4b-9d9a-fec3ca61d09f/resource/4207def0-2ff7-41d5-9095-d42ae8207a5d/download/museo.csv HTTP/1.1" 200 None
DEBUG:urllib3.connectionpool:https://datos.cultura.gob.ar:443 "GET /dataset/37305de4-3cce-4d4b-9d9a-fec3ca61d09f/resource/4207def0-2ff7-41d5-9095-d42ae8207a5d/download/museo.csv HTTP/1.1" 200 307629
INFO:root:Descargo el archivo CVS de museos
DEBUG:urllib3.connectionpool:Starting new HTTPS connection (1): datos.cultura.gob.ar:443
INFO:root:Descargo el archivo CVS de museos
DEBUG:urllib3.connectionpool:Starting new HTTPS connection (1): datos.cultura.gob.ar:443
DEBUG:urllib3.connectionpool:https://datos.cultura.gob.ar:443 "GET /dataset/37305de4-3cce-4d4b-9d9a-fec3ca61d09f/resource/392ce1a8-ef11-4776-b280-6f1c7fae16ae/download/cine.csv HTTP/1.1" 200 96427
DEBUG:urllib3.connectionpool:https://datos.cultura.gob.ar:443 "GET /dataset/37305de4-3cce-4d4b-9d9a-fec3ca61d09f/resource/392ce1a8-ef11-4776-b280-6f1c7fae16ae/download/cine.csv HTTP/1.1" 200 96427
INFO:root:Descargo el archivo CVS de cine
DEBUG:urllib3.connectionpool:Starting new HTTPS connection (1): datos.cultura.gob.ar:443
INFO:root:Descargo el archivo CVS de cine
DEBUG:urllib3.connectionpool:Starting new HTTPS connection (1): datos.cultura.gob.ar:443
DEBUG:urllib3.connectionpool:https://datos.cultura.gob.ar:443 "GET /dataset/37305de4-3cce-4d4b-9d9a-fec3ca61d09f/resource/01c6c048-dbeb-44e0-8efa-6944f73715d7/download/biblioteca_popular.csv HTTP/1.1" 200 None
DEBUG:urllib3.connectionpool:https://datos.cultura.gob.ar:443 "GET /dataset/37305de4-3cce-4d4b-9d9a-fec3ca61d09f/resource/01c6c048-dbeb-44e0-8efa-6944f73715d7/download/biblioteca_popular.csv HTTP/1.1" 200 511527
INFO:root:Descargo el archivo CVS de biblioteca_popular
INFO:root:Descargo el archivo CVS de biblioteca_popular
DEBUG:urllib3.connectionpool:Starting new HTTPS connection (1): datos.cultura.gob.ar:443
DEBUG:urllib3.connectionpool:https://datos.cultura.gob.ar:443 "GET /dataset/37305de4-3cce-4d4b-9d9a-fec3ca61d09f/resource/4207def0-2ff7-41d5-9095-d42ae8207a5d/download/museo.csv HTTP/1.1" 200 307629
INFO:root:Descargo el archivo CVS de museos
DEBUG:urllib3.connectionpool:Starting new HTTPS connection (1): datos.cultura.gob.ar:443
DEBUG:urllib3.connectionpool:https://datos.cultura.gob.ar:443 "GET /dataset/37305de4-3cce-4d4b-9d9a-fec3ca61d09f/resource/392ce1a8-ef11-4776-b280-6f1c7fae16ae/download/cine.csv HTTP/1.1" 200 None
INFO:root:Descargo el archivo CVS de cine
DEBUG:urllib3.connectionpool:Starting new HTTPS connection (1): datos.cultura.gob.ar:443
DEBUG:urllib3.connectionpool:https://datos.cultura.gob.ar:443 "GET /dataset/37305de4-3cce-4d4b-9d9a-fec3ca61d09f/resource/01c6c048-dbeb-44e0-8efa-6944f73715d7/download/biblioteca_popular.csv HTTP/1.1" 200 511527
INFO:root:Descargo el archivo CVS de biblioteca_popular
DEBUG:urllib3.connectionpool:Starting new HTTPS connection (1): datos.cultura.gob.ar:443
DEBUG:urllib3.connectionpool:https://datos.cultura.gob.ar:443 "GET /dataset/37305de4-3cce-4d4b-9d9a-fec3ca61d09f/resource/4207def0-2ff7-41d5-9095-d42ae8207a5d/download/museo.csv HTTP/1.1" 200 307629
INFO:root:Descargo el archivo CVS de museos
DEBUG:urllib3.connectionpool:Starting new HTTPS connection (1): datos.cultura.gob.ar:443
DEBUG:urllib3.connectionpool:https://datos.cultura.gob.ar:443 "GET /dataset/37305de4-3cce-4d4b-9d9a-fec3ca61d09f/resource/392ce1a8-ef11-4776-b280-6f1c7fae16ae/download/cine.csv HTTP/1.1" 200 96427
INFO:root:Descargo el archivo CVS de cine
DEBUG:urllib3.connectionpool:Starting new HTTPS connection (1): datos.cultura.gob.ar:443
DEBUG:urllib3.connectionpool:https://datos.cultura.gob.ar:443 "GET /dataset/37305de4-3cce-4d4b-9d9a-fec3ca61d09f/resource/01c6c048-dbeb-44e0-8efa-6944f73715d7/download/biblioteca_popular.csv HTTP/1.1" 200 None
INFO:root:Descargo el archivo CVS de biblioteca_popular
DEBUG:urllib3.connectionpool:Starting new HTTPS connection (1): datos.cultura.gob.ar:443
DEBUG:urllib3.connectionpool:https://datos.cultura.gob.ar:443 "GET /dataset/37305de4-3cce-4d4b-9d9a-fec3ca61d09f/resource/4207def0-2ff7-41d5-9095-d42ae8207a5d/download/museo.csv HTTP/1.1" 200 307629
INFO:root:Descargo el archivo CVS de museos
DEBUG:urllib3.connectionpool:Starting new HTTPS connection (1): datos.cultura.gob.ar:443
DEBUG:urllib3.connectionpool:https://datos.cultura.gob.ar:443 "GET /dataset/37305de4-3cce-4d4b-9d9a-fec3ca61d09f/resource/392ce1a8-ef11-4776-b280-6f1c7fae16ae/download/cine.csv HTTP/1.1" 200 96427
INFO:root:Descargo el archivo CVS de cine
DEBUG:urllib3.connectionpool:Starting new HTTPS connection (1): datos.cultura.gob.ar:443
DEBUG:urllib3.connectionpool:https://datos.cultura.gob.ar:443 "GET /dataset/37305de4-3cce-4d4b-9d9a-fec3ca61d09f/resource/01c6c048-dbeb-44e0-8efa-6944f73715d7/download/biblioteca_popular.csv HTTP/1.1" 200 511527
INFO:root:Descargo el archivo CVS de biblioteca_popular
DEBUG:urllib3.connectionpool:Starting new HTTPS connection (1): datos.cultura.gob.ar:443
DEBUG:urllib3.connectionpool:https://datos.cultura.gob.ar:443 "GET /dataset/37305de4-3cce-4d4b-9d9a-fec3ca61d09f/resource/4207def0-2ff7-41d5-9095-d42ae8207a5d/download/museo.csv HTTP/1.1" 200 307629
INFO:root:Descargo el archivo CVS de museos
DEBUG:urllib3.connectionpool:Starting new HTTPS connection (1): datos.cultura.gob.ar:443
DEBUG:urllib3.connectionpool:https://datos.cultura.gob.ar:443 "GET /dataset/37305de4-3cce-4d4b-9d9a-fec3ca61d09f/resource/392ce1a8-ef11-4776-b280-6f1c7fae16ae/download/cine.csv HTTP/1.1" 200 96427
INFO:root:Descargo el archivo CVS de cine
DEBUG:urllib3.connectionpool:Starting new HTTPS connection (1): datos.cultura.gob.ar:443
DEBUG:urllib3.connectionpool:https://datos.cultura.gob.ar:443 "GET /dataset/37305de4-3cce-4d4b-9d9a-fec3ca61d09f/resource/01c6c048-dbeb-44e0-8efa-6944f73715d7/download/biblioteca_popular.csv HTTP/1.1" 200 511527
INFO:root:Descargo el archivo CVS de biblioteca_popular
DEBUG:urllib3.connectionpool:Starting new HTTPS connection (1): datos.cultura.gob.ar:443
DEBUG:urllib3.connectionpool:https://datos.cultura.gob.ar:443 "GET /dataset/37305de4-3cce-4d4b-9d9a-fec3ca61d09f/resource/4207def0-2ff7-41d5-9095-d42ae8207a5d/download/museo.csv HTTP/1.1" 200 307629
INFO:root:Descargo el archivo CVS de museos
DEBUG:urllib3.connectionpool:Starting new HTTPS connection (1): datos.cultura.gob.ar:443
DEBUG:urllib3.connectionpool:https://datos.cultura.gob.ar:443 "GET /dataset/37305de4-3cce-4d4b-9d9a-fec3ca61d09f/resource/392ce1a8-ef11-4776-b280-6f1c7fae16ae/download/cine.csv HTTP/1.1" 200 96427
INFO:root:Descargo el archivo CVS de cine
DEBUG:urllib3.connectionpool:Starting new HTTPS connection (1): datos.cultura.gob.ar:443
DEBUG:urllib3.connectionpool:https://datos.cultura.gob.ar:443 "GET /dataset/37305de4-3cce-4d4b-9d9a-fec3ca61d09f/resource/01c6c048-dbeb-44e0-8efa-6944f73715d7/download/biblioteca_popular.csv HTTP/1.1" 200 511527
INFO:root:Descargo el archivo CVS de biblioteca_popular
